2017-04-30 14:23:24,640 [Worker-20] INFO  o.e.m.c.i.p.ProjectConfigurationManager - Collecting project info '/pom.xml' F:\KIT\4te Semester\SoftwareTechnik\Workspace2\2083776\pom.xml
2017-04-30 14:23:25,479 [Worker-20] INFO  o.e.m.c.i.l.LifecycleMappingFactory - Using org.eclipse.m2e.jdt.JarLifecycleMapping lifecycle mapping for MavenProject: swt1.ub1.a1:2083776:0.0.1-SNAPSHOT @ F:\KIT\4te Semester\SoftwareTechnik\Workspace2\2083776\pom.xml.
2017-04-30 14:23:25,927 [Worker-20] INFO  o.e.m.j.i.AbstractJavaProjectConfigurator - Adding source folder /2083776/src/main/java
2017-04-30 14:23:25,930 [Worker-20] INFO  o.e.m.j.i.AbstractJavaProjectConfigurator - Adding source folder /2083776/src/test/java
2017-04-30 14:23:26,663 [Worker-20] INFO  o.e.m.c.i.p.ProjectConfigurationManager - Imported and configured 1 project(s) in 2 sec
2017-04-30 14:23:27,385 [Worker-1] INFO  o.e.m.c.i.l.LifecycleMappingFactory - Using org.eclipse.m2e.jdt.JarLifecycleMapping lifecycle mapping for MavenProject: swt1.ub1.a1:2083776:0.0.1-SNAPSHOT @ F:\KIT\4te Semester\SoftwareTechnik\Workspace2\2083776\pom.xml.
2017-04-30 14:23:27,652 [Worker-19] INFO  o.e.m.c.i.l.LifecycleMappingFactory - Using org.eclipse.m2e.jdt.JarLifecycleMapping lifecycle mapping for MavenProject: swt1.ub1.a1:2083776:0.0.1-SNAPSHOT @ F:\KIT\4te Semester\SoftwareTechnik\Workspace2\2083776\pom.xml.
2017-04-30 14:23:27,851 [Worker-19] INFO  o.e.m.c.i.embedder.EclipseLogger - Using 'UTF-8' encoding to copy filtered resources.
2017-04-30 14:23:27,852 [Worker-19] INFO  o.e.m.c.i.embedder.EclipseLogger - skip non existing resourceDirectory F:\KIT\4te Semester\SoftwareTechnik\Workspace2\2083776\src\main\resources
2017-04-30 14:23:27,854 [Worker-19] INFO  o.e.m.c.i.embedder.EclipseLogger - Using 'UTF-8' encoding to copy filtered resources.
2017-04-30 14:23:27,854 [Worker-19] INFO  o.e.m.c.i.embedder.EclipseLogger - skip non existing resourceDirectory F:\KIT\4te Semester\SoftwareTechnik\Workspace2\2083776\src\test\resources
2017-04-30 14:23:30,235 [Worker-20] INFO  o.e.m.c.i.l.LifecycleMappingFactory - Using org.eclipse.m2e.jdt.JarLifecycleMapping lifecycle mapping for MavenProject: swt1.ub1.a1:2083776:0.0.1-SNAPSHOT @ F:\KIT\4te Semester\SoftwareTechnik\Workspace2\2083776\pom.xml.
2017-04-30 14:23:31,270 [Worker-21] INFO  o.e.m.c.i.embedder.EclipseLogger - Using 'UTF-8' encoding to copy filtered resources.
2017-04-30 14:23:31,270 [Worker-21] INFO  o.e.m.c.i.embedder.EclipseLogger - skip non existing resourceDirectory F:\KIT\4te Semester\SoftwareTechnik\Workspace2\2083776\src\main\resources
2017-04-30 14:23:31,273 [Worker-21] INFO  o.e.m.c.i.embedder.EclipseLogger - Using 'UTF-8' encoding to copy filtered resources.
2017-04-30 14:23:31,273 [Worker-21] INFO  o.e.m.c.i.embedder.EclipseLogger - skip non existing resourceDirectory F:\KIT\4te Semester\SoftwareTechnik\Workspace2\2083776\src\test\resources
2017-04-30 14:35:21,236 [Worker-1] ERROR o.e.m.c.i.p.r.ProjectRegistryManager - Failed to read Maven project: 1 problem was encountered while building the effective model for swt1:iMage:0.0.1-SNAPSHOT
[FATAL] Non-resolvable parent POM: Could not find artifact edu.kit.ipd.swt1.ss2017:ue-bungsparent:pom:0.0.1-SNAPSHOT and 'parent.relativePath' points at wrong local POM @ line 3, column 11
 for project swt1:iMage:0.0.1-SNAPSHOT at F:\KIT\4te Semester\SoftwareTechnik\Workspace2\iMage\pom.xml
org.apache.maven.project.ProjectBuildingException: 1 problem was encountered while building the effective model for swt1:iMage:0.0.1-SNAPSHOT
[FATAL] Non-resolvable parent POM: Could not find artifact edu.kit.ipd.swt1.ss2017:ue-bungsparent:pom:0.0.1-SNAPSHOT and 'parent.relativePath' points at wrong local POM @ line 3, column 11
 for project swt1:iMage:0.0.1-SNAPSHOT at F:\KIT\4te Semester\SoftwareTechnik\Workspace2\iMage\pom.xml
	at org.apache.maven.project.DefaultProjectBuilder.build(DefaultProjectBuilder.java:152) ~[maven-core-3.2.1.jar:3.2.1]
	at org.apache.maven.project.DefaultProjectBuilder.build(DefaultProjectBuilder.java:105) ~[maven-core-3.2.1.jar:3.2.1]
	at org.eclipse.m2e.core.internal.embedder.MavenImpl.readMavenProject(MavenImpl.java:629) ~[org.eclipse.m2e.core_1.5.0.20140606-0033.jar:na]
	at org.eclipse.m2e.core.internal.project.registry.ProjectRegistryManager$5.call(ProjectRegistryManager.java:779) ~[org.eclipse.m2e.core_1.5.0.20140606-0033.jar:na]
	at org.eclipse.m2e.core.internal.project.registry.ProjectRegistryManager$5.call(ProjectRegistryManager.java:1) ~[org.eclipse.m2e.core_1.5.0.20140606-0033.jar:na]
	at org.eclipse.m2e.core.internal.embedder.MavenExecutionContext.executeBare(MavenExecutionContext.java:166) ~[org.eclipse.m2e.core_1.5.0.20140606-0033.jar:na]
	at org.eclipse.m2e.core.internal.embedder.MavenExecutionContext.execute(MavenExecutionContext.java:142) ~[org.eclipse.m2e.core_1.5.0.20140606-0033.jar:na]
	at org.eclipse.m2e.core.internal.embedder.MavenExecutionContext.execute(MavenExecutionContext.java:96) ~[org.eclipse.m2e.core_1.5.0.20140606-0033.jar:na]
	at org.eclipse.m2e.core.internal.project.registry.ProjectRegistryManager.execute(ProjectRegistryManager.java:913) ~[org.eclipse.m2e.core_1.5.0.20140606-0033.jar:na]
	at org.eclipse.m2e.core.internal.project.registry.ProjectRegistryManager.readProjectWithDependencies(ProjectRegistryManager.java:775) ~[org.eclipse.m2e.core_1.5.0.20140606-0033.jar:na]
	at org.eclipse.m2e.core.internal.project.registry.ProjectRegistryManager.create(ProjectRegistryManager.java:188) ~[org.eclipse.m2e.core_1.5.0.20140606-0033.jar:na]
	at org.eclipse.m2e.core.internal.project.registry.MavenProjectManager.create(MavenProjectManager.java:80) [org.eclipse.m2e.core_1.5.0.20140606-0033.jar:na]
	at org.eclipse.m2e.core.ui.internal.actions.SelectionUtil.getMavenProject(SelectionUtil.java:259) [org.eclipse.m2e.core.ui_1.5.0.20140606-0033.jar:na]
	at org.eclipse.m2e.editor.pom.MavenPomEditor.readMavenProject(MavenPomEditor.java:753) [org.eclipse.m2e.editor_1.5.0.20140606-0033.jar:na]
	at org.eclipse.m2e.editor.pom.MavenPomEditor$6.run(MavenPomEditor.java:1073) [org.eclipse.m2e.editor_1.5.0.20140606-0033.jar:na]
	at org.eclipse.core.internal.jobs.Worker.run(Worker.java:54) [org.eclipse.core.jobs_3.6.0.v20140424-0053.jar:na]
Caused by: org.apache.maven.model.building.ModelBuildingException: 1 problem was encountered while building the effective model for swt1:iMage:0.0.1-SNAPSHOT
[FATAL] Non-resolvable parent POM: Could not find artifact edu.kit.ipd.swt1.ss2017:ue-bungsparent:pom:0.0.1-SNAPSHOT and 'parent.relativePath' points at wrong local POM @ line 3, column 11

	at org.apache.maven.model.building.DefaultModelProblemCollector.newModelBuildingException(DefaultModelProblemCollector.java:195) ~[maven-model-builder-3.2.1.jar:3.2.1]
	at org.apache.maven.model.building.DefaultModelBuilder.readParentExternally(DefaultModelBuilder.java:848) ~[maven-model-builder-3.2.1.jar:3.2.1]
	at org.apache.maven.model.building.DefaultModelBuilder.readParent(DefaultModelBuilder.java:669) ~[maven-model-builder-3.2.1.jar:3.2.1]
	at org.apache.maven.model.building.DefaultModelBuilder.build(DefaultModelBuilder.java:307) ~[maven-model-builder-3.2.1.jar:3.2.1]
	at org.apache.maven.project.DefaultProjectBuilder.build(DefaultProjectBuilder.java:145) ~[maven-core-3.2.1.jar:3.2.1]
	... 15 common frames omitted
2017-04-30 14:35:47,052 [Worker-11] INFO  o.e.m.c.i.e.AbstractTransferListenerAdapter - Downloaded http://bob.ipd.kit.edu/nexus/content/repositories/swt1/edu/kit/ipd/swt1/ss2017/ue-bungsparent/0.0.1-SNAPSHOT/maven-metadata.xml
2017-04-30 14:35:47,102 [Worker-11] INFO  o.e.m.c.i.e.AbstractTransferListenerAdapter - Downloaded http://bob.ipd.kit.edu/nexus/content/repositories/swt1/edu/kit/ipd/swt1/ss2017/ue-bungsparent/0.0.1-SNAPSHOT/ue-bungsparent-0.0.1-SNAPSHOT.pom
2017-04-30 14:35:47,105 [Worker-11] ERROR o.e.m.c.i.p.r.ProjectRegistryManager - Failed to read Maven project: 1 problem was encountered while building the effective model for swt1:iMage:0.0.1-SNAPSHOT
[FATAL] Non-resolvable parent POM: Could not find artifact edu.kit.ipd.swt1.ss2017:ue-bungsparent:pom:0.0.1-SNAPSHOT in ipdNexus (http://bob.ipd.kit.edu/nexus/content/repositories/swt1) and 'parent.relativePath' points at wrong local POM @ line 3, column 11
 for project swt1:iMage:0.0.1-SNAPSHOT at F:\KIT\4te Semester\SoftwareTechnik\Workspace2\iMage\pom.xml
org.apache.maven.project.ProjectBuildingException: 1 problem was encountered while building the effective model for swt1:iMage:0.0.1-SNAPSHOT
[FATAL] Non-resolvable parent POM: Could not find artifact edu.kit.ipd.swt1.ss2017:ue-bungsparent:pom:0.0.1-SNAPSHOT in ipdNexus (http://bob.ipd.kit.edu/nexus/content/repositories/swt1) and 'parent.relativePath' points at wrong local POM @ line 3, column 11
 for project swt1:iMage:0.0.1-SNAPSHOT at F:\KIT\4te Semester\SoftwareTechnik\Workspace2\iMage\pom.xml
	at org.apache.maven.project.DefaultProjectBuilder.build(DefaultProjectBuilder.java:152) ~[maven-core-3.2.1.jar:3.2.1]
	at org.apache.maven.project.DefaultProjectBuilder.build(DefaultProjectBuilder.java:105) ~[maven-core-3.2.1.jar:3.2.1]
	at org.eclipse.m2e.core.internal.embedder.MavenImpl.readMavenProject(MavenImpl.java:629) ~[org.eclipse.m2e.core_1.5.0.20140606-0033.jar:na]
	at org.eclipse.m2e.core.internal.project.registry.ProjectRegistryManager$5.call(ProjectRegistryManager.java:779) ~[org.eclipse.m2e.core_1.5.0.20140606-0033.jar:na]
	at org.eclipse.m2e.core.internal.project.registry.ProjectRegistryManager$5.call(ProjectRegistryManager.java:1) ~[org.eclipse.m2e.core_1.5.0.20140606-0033.jar:na]
	at org.eclipse.m2e.core.internal.embedder.MavenExecutionContext.executeBare(MavenExecutionContext.java:166) ~[org.eclipse.m2e.core_1.5.0.20140606-0033.jar:na]
	at org.eclipse.m2e.core.internal.embedder.MavenExecutionContext.execute(MavenExecutionContext.java:142) ~[org.eclipse.m2e.core_1.5.0.20140606-0033.jar:na]
	at org.eclipse.m2e.core.internal.embedder.MavenExecutionContext.execute(MavenExecutionContext.java:96) ~[org.eclipse.m2e.core_1.5.0.20140606-0033.jar:na]
	at org.eclipse.m2e.core.internal.project.registry.ProjectRegistryManager.execute(ProjectRegistryManager.java:913) ~[org.eclipse.m2e.core_1.5.0.20140606-0033.jar:na]
	at org.eclipse.m2e.core.internal.project.registry.ProjectRegistryManager.readProjectWithDependencies(ProjectRegistryManager.java:775) ~[org.eclipse.m2e.core_1.5.0.20140606-0033.jar:na]
	at org.eclipse.m2e.core.internal.project.registry.ProjectRegistryManager.create(ProjectRegistryManager.java:188) ~[org.eclipse.m2e.core_1.5.0.20140606-0033.jar:na]
	at org.eclipse.m2e.core.internal.project.registry.MavenProjectManager.create(MavenProjectManager.java:80) [org.eclipse.m2e.core_1.5.0.20140606-0033.jar:na]
	at org.eclipse.m2e.core.ui.internal.actions.SelectionUtil.getMavenProject(SelectionUtil.java:259) [org.eclipse.m2e.core.ui_1.5.0.20140606-0033.jar:na]
	at org.eclipse.m2e.editor.pom.MavenPomEditor.readMavenProject(MavenPomEditor.java:753) [org.eclipse.m2e.editor_1.5.0.20140606-0033.jar:na]
	at org.eclipse.m2e.editor.pom.MavenPomEditor$6.run(MavenPomEditor.java:1073) [org.eclipse.m2e.editor_1.5.0.20140606-0033.jar:na]
	at org.eclipse.core.internal.jobs.Worker.run(Worker.java:54) [org.eclipse.core.jobs_3.6.0.v20140424-0053.jar:na]
Caused by: org.apache.maven.model.building.ModelBuildingException: 1 problem was encountered while building the effective model for swt1:iMage:0.0.1-SNAPSHOT
[FATAL] Non-resolvable parent POM: Could not find artifact edu.kit.ipd.swt1.ss2017:ue-bungsparent:pom:0.0.1-SNAPSHOT in ipdNexus (http://bob.ipd.kit.edu/nexus/content/repositories/swt1) and 'parent.relativePath' points at wrong local POM @ line 3, column 11

	at org.apache.maven.model.building.DefaultModelProblemCollector.newModelBuildingException(DefaultModelProblemCollector.java:195) ~[maven-model-builder-3.2.1.jar:3.2.1]
	at org.apache.maven.model.building.DefaultModelBuilder.readParentExternally(DefaultModelBuilder.java:848) ~[maven-model-builder-3.2.1.jar:3.2.1]
	at org.apache.maven.model.building.DefaultModelBuilder.readParent(DefaultModelBuilder.java:669) ~[maven-model-builder-3.2.1.jar:3.2.1]
	at org.apache.maven.model.building.DefaultModelBuilder.build(DefaultModelBuilder.java:307) ~[maven-model-builder-3.2.1.jar:3.2.1]
	at org.apache.maven.project.DefaultProjectBuilder.build(DefaultProjectBuilder.java:145) ~[maven-core-3.2.1.jar:3.2.1]
	... 15 common frames omitted
2017-04-30 14:43:59,251 [Worker-14] INFO  o.e.m.c.i.e.AbstractTransferListenerAdapter - Downloaded http://bob.ipd.kit.edu/nexus/content/repositories/swt1/edu/kit/ipd/swt1/ss2017/uebungsparent/0.0.1-SNAPSHOT/maven-metadata.xml
2017-04-30 14:43:59,365 [Worker-14] INFO  o.e.m.c.i.e.AbstractTransferListenerAdapter - Downloaded http://bob.ipd.kit.edu/nexus/content/repositories/swt1/edu/kit/ipd/swt1/ss2017/uebungsparent/0.0.1-SNAPSHOT/uebungsparent-0.0.1-20170412.131809-13.pom
2017-04-30 14:43:59,548 [Worker-1] INFO  o.e.m.c.i.e.AbstractTransferListenerAdapter - Downloaded http://bob.ipd.kit.edu/nexus/content/repositories/swt1/edu/kit/ipd/swt1/ss2017/uebungsparent/0.0.1-SNAPSHOT/maven-metadata.xml
2017-04-30 14:43:59,732 [Worker-1] INFO  o.e.m.c.i.e.AbstractTransferListenerAdapter - Downloaded http://bob.ipd.kit.edu/nexus/content/repositories/swt1/org/apache/maven/plugins/maven-surefire-plugin/2.19.1/maven-surefire-plugin-2.19.1.jar
2017-04-30 14:43:59,815 [Worker-1] INFO  o.e.m.c.i.e.AbstractTransferListenerAdapter - Downloading http://repo.maven.apache.org/maven2/org/apache/maven/plugins/maven-surefire-plugin/2.19.1/maven-surefire-plugin-2.19.1.jar
2017-04-30 14:43:59,975 [Worker-1] INFO  o.e.m.c.i.e.AbstractTransferListenerAdapter - Downloaded http://repo.maven.apache.org/maven2/org/apache/maven/plugins/maven-surefire-plugin/2.19.1/maven-surefire-plugin-2.19.1.jar
2017-04-30 14:44:00,289 [Worker-1] INFO  o.e.m.c.i.e.AbstractTransferListenerAdapter - Downloaded http://bob.ipd.kit.edu/nexus/content/repositories/swt1/org/apache/maven/plugins/maven-jar-plugin/2.6/maven-jar-plugin-2.6.jar
2017-04-30 14:44:00,367 [Worker-1] INFO  o.e.m.c.i.e.AbstractTransferListenerAdapter - Downloading http://repo.maven.apache.org/maven2/org/apache/maven/plugins/maven-jar-plugin/2.6/maven-jar-plugin-2.6.jar
2017-04-30 14:44:00,516 [Worker-1] INFO  o.e.m.c.i.e.AbstractTransferListenerAdapter - Downloaded http://repo.maven.apache.org/maven2/org/apache/maven/plugins/maven-jar-plugin/2.6/maven-jar-plugin-2.6.jar
2017-04-30 14:44:00,878 [Worker-1] INFO  o.e.m.c.i.e.AbstractTransferListenerAdapter - Downloaded http://bob.ipd.kit.edu/nexus/content/repositories/swt1/edu/kit/ipd/lez-maven-plugin/0.1.13-SNAPSHOT/maven-metadata.xml
2017-04-30 14:44:00,933 [Worker-1] INFO  o.e.m.c.i.e.AbstractTransferListenerAdapter - Downloading http://bob.ipd.kit.edu/nexus/content/repositories/swt1/edu/kit/ipd/lez-maven-plugin/0.1.13-SNAPSHOT/lez-maven-plugin-0.1.13-20150428.145009-2.jar
2017-04-30 14:44:01,116 [Worker-1] INFO  o.e.m.c.i.e.AbstractTransferListenerAdapter - Downloaded http://bob.ipd.kit.edu/nexus/content/repositories/swt1/edu/kit/ipd/lez-maven-plugin/0.1.13-SNAPSHOT/lez-maven-plugin-0.1.13-20150428.145009-2.jar
2017-04-30 14:44:05,339 [Worker-1] INFO  o.e.m.c.i.l.LifecycleMappingFactory - Using org.eclipse.m2e.jdt.JarLifecycleMapping lifecycle mapping for MavenProject: swt1:iMage:0.0.1-SNAPSHOT @ F:\KIT\4te Semester\SoftwareTechnik\Workspace2\iMage\pom.xml.
2017-04-30 14:44:05,767 [Worker-1] INFO  o.e.m.c.i.embedder.EclipseLogger - Using 'UTF-8' encoding to copy filtered resources.
2017-04-30 14:44:05,794 [Worker-1] INFO  o.e.m.c.i.embedder.EclipseLogger - Copying 0 resource
2017-04-30 14:44:05,798 [Worker-1] INFO  o.e.m.c.i.embedder.EclipseLogger - Using 'UTF-8' encoding to copy filtered resources.
2017-04-30 14:44:05,799 [Worker-1] INFO  o.e.m.c.i.embedder.EclipseLogger - Copying 0 resource
2017-04-30 14:45:55,645 [Worker-10] INFO  o.e.m.c.i.embedder.EclipseLogger - Using 'UTF-8' encoding to copy filtered resources.
2017-04-30 14:45:55,689 [Worker-10] INFO  o.e.m.c.i.embedder.EclipseLogger - Copying 0 resource
2017-04-30 14:45:55,691 [Worker-10] INFO  o.e.m.c.i.embedder.EclipseLogger - Using 'UTF-8' encoding to copy filtered resources.
2017-04-30 14:45:55,692 [Worker-10] INFO  o.e.m.c.i.embedder.EclipseLogger - Copying 0 resource
2017-04-30 14:46:23,368 [Worker-16] INFO  o.e.m.i.launch.MavenLaunchDelegate - F:\KIT\4te Semester\SoftwareTechnik\Workspace2\iMage\target
2017-04-30 14:46:23,369 [Worker-16] INFO  o.e.m.i.launch.MavenLaunchDelegate -  mvn  -B package
2017-04-30 14:47:24,108 [Worker-10] INFO  o.e.m.i.launch.MavenLaunchDelegate - F:\KIT\4te Semester\SoftwareTechnik\Workspace2\iMage
2017-04-30 14:47:24,108 [Worker-10] INFO  o.e.m.i.launch.MavenLaunchDelegate -  mvn  -B package
